<?xml version="1.0" encoding="utf-8"?><testsuites name="pytest tests"><testsuite name="pytest" errors="0" failures="0" skipped="0" tests="7" time="13.121" timestamp="2026-02-15T02:11:30.620484+00:00" hostname="agent-env-8960bfba-8bf9-46fd-8f78-ad9e9b224847"><testcase classname="backend.tests.test_kmz_api.TestKMZLayersAPI" name="test_get_kmz_layers_list" time="0.767" /><testcase classname="backend.tests.test_kmz_api.TestKMZLayersAPI" name="test_get_kmz_layer_by_id" time="3.546" /><testcase classname="backend.tests.test_kmz_api.TestKMZLayersAPI" name="test_get_kmz_layer_geojson" time="3.284" /><testcase classname="backend.tests.test_kmz_api.TestKMZLayersAPI" name="test_get_nonexistent_layer" time="0.190" /><testcase classname="backend.tests.test_kmz_api.TestKMZLayersAPI" name="test_kmz_layer_bounds" time="0.387" /><testcase classname="backend.tests.test_kmz_api.TestKMZLayersAPI" name="test_kmz_layer_feature_count" time="3.776" /><testcase classname="backend.tests.test_kmz_api.TestKMZLayersAuthenticated" name="test_get_all_kmz_layers_admin" time="0.996" /></testsuite></testsuites>