<?xml version="1.0" encoding="utf-8"?><testsuites name="pytest tests"><testsuite name="pytest" errors="0" failures="0" skipped="0" tests="11" time="4.251" timestamp="2026-02-15T22:29:09.401655+00:00" hostname="agent-env-1a577b1d-51f6-4b09-93b2-1fd42b4958a6"><testcase classname="backend.tests.test_kmz_removal.TestHealthCheck" name="test_health_endpoint" time="0.242" /><testcase classname="backend.tests.test_kmz_removal.TestAuthentication" name="test_admin_login_success" time="0.425" /><testcase classname="backend.tests.test_kmz_removal.TestAuthentication" name="test_login_invalid_credentials" time="0.117" /><testcase classname="backend.tests.test_kmz_removal.TestKMZRemoval" name="test_kmz_layers_endpoint_removed" time="0.118" /><testcase classname="backend.tests.test_kmz_removal.TestKMZRemoval" name="test_kmz_layer_by_id_removed" time="0.151" /><testcase classname="backend.tests.test_kmz_removal.TestKMZRemoval" name="test_kmz_geojson_endpoint_removed" time="0.147" /><testcase classname="backend.tests.test_kmz_removal.TestKMZRemoval" name="test_kmz_upload_endpoint_removed" time="0.598" /><testcase classname="backend.tests.test_kmz_removal.TestPOIEndpoints" name="test_get_pois" time="0.556" /><testcase classname="backend.tests.test_kmz_removal.TestPOIEndpoints" name="test_poi_structure" time="0.574" /><testcase classname="backend.tests.test_kmz_removal.TestOtherEndpoints" name="test_auth_me_endpoint" time="0.577" /><testcase classname="backend.tests.test_kmz_removal.TestOtherEndpoints" name="test_videos_endpoint" time="0.540" /></testsuite></testsuites>